<?xml version="1.0" encoding="UTF-8"?>
<!-- Generated by org.testng.reporters.JUnitReportReporter -->
<testsuite hostname="SSI-WAFZAL-LLP" failures="0" tests="1" name="hummingbird.Tests.DeleteAccountingTemplate" time="160.004" errors="0" timestamp="2024-09-15T22:07:29 PKT" skipped="0">
  <testcase classname="hummingbird.Tests.DeleteAccountingTemplate" name="deleteAccountingTemplate" time="160.004"/>
</testsuite> <!-- hummingbird.Tests.DeleteAccountingTemplate -->
