<?xml version="1.0" encoding="UTF-8"?>
<!-- Generated by org.testng.reporters.JUnitReportReporter -->
<testsuite hostname="SSI-WAFZAL-LLP" failures="0" tests="1" name="hummingbird.Tests.DeleteDelinquencyAutomation" time="155.803" errors="0" timestamp="2024-09-15T18:46:41 PKT" skipped="0">
  <testcase classname="hummingbird.Tests.DeleteDelinquencyAutomation" name="deleteDelinquencyRecords" time="155.803"/>
</testsuite> <!-- hummingbird.Tests.DeleteDelinquencyAutomation -->
