<?xml version="1.0" encoding="UTF-8"?>
<!-- Generated by org.testng.reporters.JUnitReportReporter -->
<testsuite hostname="SSI-WAFZAL-LLP" failures="0" tests="1" name="hummingbird.Tests.DeleteRecordsTest" time="131.906" errors="0" timestamp="2024-09-15T18:09:04 PKT" skipped="0">
  <testcase classname="hummingbird.Tests.DeleteRecordsTest" name="deleteDelinquencyRecords" time="131.906"/>
</testsuite> <!-- hummingbird.Tests.DeleteRecordsTest -->
